app/build/intermediates/manifest_merge_blame_file/debug/manifest-merger-blame-debug-report.txt
1<?xml version="1.0" encoding="utf-8"?>
2<manifest xmlns:android="http://schemas.android.com/apk/res/android"
3    package="kaist.software.mosecctv"
4    android:versionCode="1"
5    android:versionName="1.0" >
6
7    <uses-sdk
8        android:minSdkVersion="23"
8-->src/main/AndroidManifest.xml
9        android:targetSdkVersion="30" />
9-->src/main/AndroidManifest.xml
10
11    <uses-feature android:name="android.hardware.camera.any" />
11-->src/main/AndroidManifest.xml:6:5-64
11-->src/main/AndroidManifest.xml:6:19-61
12
13    <uses-permission android:name="android.permission.CAMERA" />
13-->src/main/AndroidManifest.xml:7:5-65
13-->src/main/AndroidManifest.xml:7:22-62
14    <uses-permission android:name="android.permission.USE_FULL_SCREEN_INTENT" />
14-->src/main/AndroidManifest.xml:8:5-81
14-->src/main/AndroidManifest.xml:8:22-78
15    <uses-permission android:name="android.permission.INTERNET" />
15-->src/main/AndroidManifest.xml:9:5-66
15-->src/main/AndroidManifest.xml:9:22-64
16    <uses-permission android:name="android.permission.RECORD_AUDIO" />
16-->src/main/AndroidManifest.xml:10:5-70
16-->src/main/AndroidManifest.xml:10:22-68
17    <uses-permission android:name="android.permission.ACCESS_NETWORK_STATE" />
17-->[com.google.firebase:firebase-inappmessaging-display:20.0.0] AndroidManifest.xml:11:5-79
17-->[com.google.firebase:firebase-inappmessaging-display:20.0.0] AndroidManifest.xml:11:22-76
18
19    <queries>
19-->[com.google.firebase:firebase-inappmessaging-display:20.0.0] AndroidManifest.xml:14:5-20:15
20        <intent>
20-->[com.google.firebase:firebase-inappmessaging-display:20.0.0] AndroidManifest.xml:15:9-19:18
21            <action android:name="android.intent.action.VIEW" />
21-->[com.google.firebase:firebase-inappmessaging-display:20.0.0] AndroidManifest.xml:16:13-65
21-->[com.google.firebase:firebase-inappmessaging-display:20.0.0] AndroidManifest.xml:16:21-62
22
23            <data android:scheme="https" />
23-->[com.google.firebase:firebase-inappmessaging-display:20.0.0] AndroidManifest.xml:18:13-44
23-->[com.google.firebase:firebase-inappmessaging-display:20.0.0] AndroidManifest.xml:18:19-41
24        </intent>
25    </queries>
26
27    <uses-permission android:name="android.permission.WAKE_LOCK" /> <!-- Required by older versions of Google Play services to create IID tokens -->
27-->[com.google.firebase:firebase-messaging-directboot:22.0.0] AndroidManifest.xml:24:5-68
27-->[com.google.firebase:firebase-messaging-directboot:22.0.0] AndroidManifest.xml:24:22-65
28    <uses-permission android:name="com.google.android.c2dm.permission.RECEIVE" />
28-->[com.google.firebase:firebase-messaging:22.0.0] AndroidManifest.xml:25:5-82
28-->[com.google.firebase:firebase-messaging:22.0.0] AndroidManifest.xml:25:22-79
29    <uses-permission android:name="com.google.android.finsky.permission.BIND_GET_INSTALL_REFERRER_SERVICE" />
29-->[com.google.android.gms:play-services-measurement:19.0.0] AndroidManifest.xml:26:5-110
29-->[com.google.android.gms:play-services-measurement:19.0.0] AndroidManifest.xml:26:22-107
30
31    <application
31-->src/main/AndroidManifest.xml:12:5-56:19
32        android:allowBackup="true"
32-->src/main/AndroidManifest.xml:13:9-35
33        android:appComponentFactory="androidx.core.app.CoreComponentFactory"
33-->[androidx.core:core:1.5.0] AndroidManifest.xml:24:18-86
34        android:debuggable="true"
35        android:extractNativeLibs="false"
36        android:icon="@mipmap/ic_launcher"
36-->src/main/AndroidManifest.xml:14:9-43
37        android:label="@string/app_name"
37-->src/main/AndroidManifest.xml:15:9-41
38        android:roundIcon="@mipmap/ic_launcher_round"
38-->src/main/AndroidManifest.xml:16:9-54
39        android:supportsRtl="true"
39-->src/main/AndroidManifest.xml:17:9-35
40        android:testOnly="true"
41        android:theme="@style/Theme.MOSECCTV"
41-->src/main/AndroidManifest.xml:19:9-46
42        android:usesCleartextTraffic="true" >
42-->src/main/AndroidManifest.xml:18:9-44
43        <meta-data
43-->src/main/AndroidManifest.xml:21:9-23:36
44            android:name="com.google.mlkit.vision.DEPENDENCIES"
44-->src/main/AndroidManifest.xml:22:13-64
45            android:value="face" />
45-->src/main/AndroidManifest.xml:23:13-33
46        <meta-data
46-->src/main/AndroidManifest.xml:25:9-27:68
47            android:name="com.google.firebase.messaging.default_notification_icon"
47-->src/main/AndroidManifest.xml:26:13-83
48            android:resource="@drawable/ic_baseline_videocam_24" />
48-->src/main/AndroidManifest.xml:27:13-65
49        <!--
50             Set color used with incoming notification messages. This is used when no color is set for the incoming
51             notification message. See README(https://goo.gl/6BKBk7) for more.
52        -->
53        <meta-data
53-->src/main/AndroidManifest.xml:30:9-32:52
54            android:name="com.google.firebase.messaging.default_notification_color"
54-->src/main/AndroidManifest.xml:31:13-84
55            android:resource="@color/mp2_yellow" />
55-->src/main/AndroidManifest.xml:32:13-49
56
57        <activity
57-->src/main/AndroidManifest.xml:35:9-43:20
58            android:name="kaist.software.mosecctv.MainActivity"
58-->src/main/AndroidManifest.xml:36:13-41
59            android:label="@string/app_name" >
59-->src/main/AndroidManifest.xml:37:13-45
60            <intent-filter>
60-->src/main/AndroidManifest.xml:38:13-42:29
61                <action android:name="android.intent.action.MAIN" />
61-->src/main/AndroidManifest.xml:39:17-69
61-->src/main/AndroidManifest.xml:39:25-66
62
63                <category android:name="android.intent.category.LAUNCHER" />
63-->src/main/AndroidManifest.xml:41:17-77
63-->src/main/AndroidManifest.xml:41:27-74
64            </intent-filter>
65        </activity>
66        <activity android:name="kaist.software.mosecctv.activity.WebViewActivity" />
66-->src/main/AndroidManifest.xml:45:9-61
66-->src/main/AndroidManifest.xml:45:19-59
67        <activity android:name="kaist.software.mosecctv.activity.MLFaceActivity" />
67-->src/main/AndroidManifest.xml:46:9-60
67-->src/main/AndroidManifest.xml:46:19-58
68
69        <service
69-->src/main/AndroidManifest.xml:48:9-54:19
70            android:name="kaist.software.mosecctv.base.NotificationService"
70-->src/main/AndroidManifest.xml:49:13-53
71            android:exported="false" >
71-->src/main/AndroidManifest.xml:50:13-37
72            <intent-filter>
72-->src/main/AndroidManifest.xml:51:13-53:29
73                <action android:name="com.google.firebase.MESSAGING_EVENT" />
73-->src/main/AndroidManifest.xml:52:17-78
73-->src/main/AndroidManifest.xml:52:25-75
74            </intent-filter>
75        </service>
76        <service
76-->[com.google.firebase:firebase-analytics-ktx:19.0.0] AndroidManifest.xml:8:9-14:19
77            android:name="com.google.firebase.components.ComponentDiscoveryService"
77-->[com.google.firebase:firebase-analytics-ktx:19.0.0] AndroidManifest.xml:9:13-84
78            android:directBootAware="true"
78-->[com.google.firebase:firebase-common:20.0.0] AndroidManifest.xml:35:13-43
79            android:exported="false" >
79-->[com.google.firebase:firebase-analytics-ktx:19.0.0] AndroidManifest.xml:10:13-37
80            <meta-data
80-->[com.google.firebase:firebase-analytics-ktx:19.0.0] AndroidManifest.xml:11:13-13:85
81                android:name="com.google.firebase.components:com.google.firebase.analytics.ktx.FirebaseAnalyticsKtxRegistrar"
81-->[com.google.firebase:firebase-analytics-ktx:19.0.0] AndroidManifest.xml:12:17-126
82                android:value="com.google.firebase.components.ComponentRegistrar" />
82-->[com.google.firebase:firebase-analytics-ktx:19.0.0] AndroidManifest.xml:13:17-82
83            <meta-data
83-->[com.google.firebase:firebase-auth-ktx:21.0.1] AndroidManifest.xml:11:13-13:85
84                android:name="com.google.firebase.components:com.google.firebase.auth.ktx.FirebaseAuthKtxRegistrar"
84-->[com.google.firebase:firebase-auth-ktx:21.0.1] AndroidManifest.xml:12:17-116
85                android:value="com.google.firebase.components.ComponentRegistrar" />
85-->[com.google.firebase:firebase-auth-ktx:21.0.1] AndroidManifest.xml:13:17-82
86            <meta-data
86-->[com.google.firebase:firebase-database-ktx:20.0.0] AndroidManifest.xml:15:13-17:85
87                android:name="com.google.firebase.components:com.google.firebase.database.ktx.FirebaseDatabaseKtxRegistrar"
87-->[com.google.firebase:firebase-database-ktx:20.0.0] AndroidManifest.xml:16:17-124
88                android:value="com.google.firebase.components.ComponentRegistrar" />
88-->[com.google.firebase:firebase-database-ktx:20.0.0] AndroidManifest.xml:17:17-82
89            <meta-data
89-->[com.google.firebase:firebase-firestore-ktx:23.0.0] AndroidManifest.xml:15:13-17:85
90                android:name="com.google.firebase.components:com.google.firebase.firestore.ktx.FirebaseFirestoreKtxRegistrar"
90-->[com.google.firebase:firebase-firestore-ktx:23.0.0] AndroidManifest.xml:16:17-126
91                android:value="com.google.firebase.components.ComponentRegistrar" />
91-->[com.google.firebase:firebase-firestore-ktx:23.0.0] AndroidManifest.xml:17:17-82
92            <meta-data
92-->[com.google.firebase:firebase-storage-ktx:20.0.0] AndroidManifest.xml:15:13-17:85
93                android:name="com.google.firebase.components:com.google.firebase.storage.ktx.FirebaseStorageKtxRegistrar"
93-->[com.google.firebase:firebase-storage-ktx:20.0.0] AndroidManifest.xml:16:17-122
94                android:value="com.google.firebase.components.ComponentRegistrar" />
94-->[com.google.firebase:firebase-storage-ktx:20.0.0] AndroidManifest.xml:17:17-82
95            <meta-data
95-->[com.google.firebase:firebase-messaging-ktx:22.0.0] AndroidManifest.xml:29:13-31:85
96                android:name="com.google.firebase.components:com.google.firebase.messaging.ktx.FirebaseMessagingKtxRegistrar"
96-->[com.google.firebase:firebase-messaging-ktx:22.0.0] AndroidManifest.xml:30:17-126
97                android:value="com.google.firebase.components.ComponentRegistrar" />
97-->[com.google.firebase:firebase-messaging-ktx:22.0.0] AndroidManifest.xml:31:17-82
98            <meta-data
98-->[com.google.firebase:firebase-inappmessaging-display:20.0.0] AndroidManifest.xml:26:13-28:85
99                android:name="com.google.firebase.components:com.google.firebase.inappmessaging.display.FirebaseInAppMessagingDisplayRegistrar"
99-->[com.google.firebase:firebase-inappmessaging-display:20.0.0] AndroidManifest.xml:27:17-144
100                android:value="com.google.firebase.components.ComponentRegistrar" />
100-->[com.google.firebase:firebase-inappmessaging-display:20.0.0] AndroidManifest.xml:28:17-82
101            <meta-data
101-->[com.google.firebase:firebase-common-ktx:20.0.0] AndroidManifest.xml:15:13-17:85
102                android:name="com.google.firebase.components:com.google.firebase.ktx.FirebaseCommonKtxRegistrar"
102-->[com.google.firebase:firebase-common-ktx:20.0.0] AndroidManifest.xml:16:17-113
103                android:value="com.google.firebase.components.ComponentRegistrar" />
103-->[com.google.firebase:firebase-common-ktx:20.0.0] AndroidManifest.xml:17:17-82
104            <meta-data
104-->[com.google.firebase:firebase-messaging:22.0.0] AndroidManifest.xml:52:13-54:85
105                android:name="com.google.firebase.components:com.google.firebase.messaging.FirebaseMessagingRegistrar"
105-->[com.google.firebase:firebase-messaging:22.0.0] AndroidManifest.xml:53:17-119
106                android:value="com.google.firebase.components.ComponentRegistrar" />
106-->[com.google.firebase:firebase-messaging:22.0.0] AndroidManifest.xml:54:17-82
107            <meta-data
107-->[com.google.firebase:firebase-auth:21.0.1] AndroidManifest.xml:77:13-79:85
108                android:name="com.google.firebase.components:com.google.firebase.auth.FirebaseAuthRegistrar"
108-->[com.google.firebase:firebase-auth:21.0.1] AndroidManifest.xml:78:17-109
109                android:value="com.google.firebase.components.ComponentRegistrar" />
109-->[com.google.firebase:firebase-auth:21.0.1] AndroidManifest.xml:79:17-82
110            <meta-data
110-->[com.google.firebase:firebase-storage:20.0.0] AndroidManifest.xml:33:13-35:85
111                android:name="com.google.firebase.components:com.google.firebase.storage.StorageRegistrar"
111-->[com.google.firebase:firebase-storage:20.0.0] AndroidManifest.xml:34:17-107
112                android:value="com.google.firebase.components.ComponentRegistrar" />
112-->[com.google.firebase:firebase-storage:20.0.0] AndroidManifest.xml:35:17-82
113            <meta-data
113-->[com.google.firebase:firebase-database:20.0.0] AndroidManifest.xml:32:13-34:85
114                android:name="com.google.firebase.components:com.google.firebase.database.DatabaseRegistrar"
114-->[com.google.firebase:firebase-database:20.0.0] AndroidManifest.xml:33:17-109
115                android:value="com.google.firebase.components.ComponentRegistrar" />
115-->[com.google.firebase:firebase-database:20.0.0] AndroidManifest.xml:34:17-82
116            <meta-data
116-->[com.google.firebase:firebase-firestore:23.0.0] AndroidManifest.xml:20:13-22:85
117                android:name="com.google.firebase.components:com.google.firebase.firestore.FirestoreRegistrar"
117-->[com.google.firebase:firebase-firestore:23.0.0] AndroidManifest.xml:21:17-111
118                android:value="com.google.firebase.components.ComponentRegistrar" />
118-->[com.google.firebase:firebase-firestore:23.0.0] AndroidManifest.xml:22:17-82
119            <meta-data
119-->[com.google.firebase:firebase-inappmessaging:20.0.0] AndroidManifest.xml:17:13-19:85
120                android:name="com.google.firebase.components:com.google.firebase.inappmessaging.FirebaseInAppMessagingRegistrar"
120-->[com.google.firebase:firebase-inappmessaging:20.0.0] AndroidManifest.xml:18:17-129
121                android:value="com.google.firebase.components.ComponentRegistrar" />
121-->[com.google.firebase:firebase-inappmessaging:20.0.0] AndroidManifest.xml:19:17-82
122            <meta-data
122-->[com.google.firebase:firebase-datatransport:18.0.0] AndroidManifest.xml:28:13-30:85
123                android:name="com.google.firebase.components:com.google.firebase.datatransport.TransportRegistrar"
123-->[com.google.firebase:firebase-datatransport:18.0.0] AndroidManifest.xml:29:17-115
124                android:value="com.google.firebase.components.ComponentRegistrar" />
124-->[com.google.firebase:firebase-datatransport:18.0.0] AndroidManifest.xml:30:17-82
125            <meta-data
125-->[com.google.android.gms:play-services-measurement-api:19.0.0] AndroidManifest.xml:30:13-32:85
126                android:name="com.google.firebase.components:com.google.firebase.analytics.connector.internal.AnalyticsConnectorRegistrar"
126-->[com.google.android.gms:play-services-measurement-api:19.0.0] AndroidManifest.xml:31:17-139
127                android:value="com.google.firebase.components.ComponentRegistrar" />
127-->[com.google.android.gms:play-services-measurement-api:19.0.0] AndroidManifest.xml:32:17-82
128            <meta-data
128-->[com.google.firebase:firebase-installations:17.0.0] AndroidManifest.xml:18:13-20:85
129                android:name="com.google.firebase.components:com.google.firebase.installations.FirebaseInstallationsRegistrar"
129-->[com.google.firebase:firebase-installations:17.0.0] AndroidManifest.xml:19:17-127
130                android:value="com.google.firebase.components.ComponentRegistrar" />
130-->[com.google.firebase:firebase-installations:17.0.0] AndroidManifest.xml:20:17-82
131            <meta-data
131-->[com.google.firebase:firebase-abt:21.0.0] AndroidManifest.xml:13:13-15:85
132                android:name="com.google.firebase.components:com.google.firebase.abt.component.AbtRegistrar"
132-->[com.google.firebase:firebase-abt:21.0.0] AndroidManifest.xml:14:17-109
133                android:value="com.google.firebase.components.ComponentRegistrar" />
133-->[com.google.firebase:firebase-abt:21.0.0] AndroidManifest.xml:15:17-82
134        </service>
135
136        <receiver
136-->[com.google.firebase:firebase-messaging-directboot:22.0.0] AndroidManifest.xml:27:9-35:20
137            android:name="com.google.firebase.messaging.directboot.FirebaseMessagingDirectBootReceiver"
137-->[com.google.firebase:firebase-messaging-directboot:22.0.0] AndroidManifest.xml:28:13-104
138            android:directBootAware="true"
138-->[com.google.firebase:firebase-messaging-directboot:22.0.0] AndroidManifest.xml:29:13-43
139            android:exported="true"
139-->[com.google.firebase:firebase-messaging-directboot:22.0.0] AndroidManifest.xml:30:13-36
140            android:permission="com.google.android.c2dm.permission.SEND" >
140-->[com.google.firebase:firebase-messaging-directboot:22.0.0] AndroidManifest.xml:31:13-73
141            <intent-filter>
141-->[com.google.firebase:firebase-messaging-directboot:22.0.0] AndroidManifest.xml:32:13-34:29
142                <action android:name="com.google.firebase.messaging.RECEIVE_DIRECT_BOOT" />
142-->[com.google.firebase:firebase-messaging-directboot:22.0.0] AndroidManifest.xml:33:17-92
142-->[com.google.firebase:firebase-messaging-directboot:22.0.0] AndroidManifest.xml:33:25-89
143            </intent-filter>
144        </receiver>
145
146        <service
146-->[com.google.android.gms:play-services-mlkit-face-detection:16.1.7] AndroidManifest.xml:9:9-15:19
147            android:name="com.google.mlkit.common.internal.MlKitComponentDiscoveryService"
147-->[com.google.android.gms:play-services-mlkit-face-detection:16.1.7] AndroidManifest.xml:10:13-91
148            android:directBootAware="true"
148-->[com.google.mlkit:common:17.2.0] AndroidManifest.xml:17:13-43
149            android:exported="false" >
149-->[com.google.android.gms:play-services-mlkit-face-detection:16.1.7] AndroidManifest.xml:11:13-37
150            <meta-data
150-->[com.google.android.gms:play-services-mlkit-face-detection:16.1.7] AndroidManifest.xml:12:13-14:85
151                android:name="com.google.firebase.components:com.google.mlkit.vision.face.internal.FaceRegistrar"
151-->[com.google.android.gms:play-services-mlkit-face-detection:16.1.7] AndroidManifest.xml:13:17-114
152                android:value="com.google.firebase.components.ComponentRegistrar" />
152-->[com.google.android.gms:play-services-mlkit-face-detection:16.1.7] AndroidManifest.xml:14:17-82
153            <meta-data
153-->[com.google.mlkit:vision-common:16.3.0] AndroidManifest.xml:12:13-14:85
154                android:name="com.google.firebase.components:com.google.mlkit.vision.common.internal.VisionCommonRegistrar"
154-->[com.google.mlkit:vision-common:16.3.0] AndroidManifest.xml:13:17-124
155                android:value="com.google.firebase.components.ComponentRegistrar" />
155-->[com.google.mlkit:vision-common:16.3.0] AndroidManifest.xml:14:17-82
156            <meta-data
156-->[com.google.mlkit:common:17.2.0] AndroidManifest.xml:20:13-22:85
157                android:name="com.google.firebase.components:com.google.mlkit.common.internal.CommonComponentRegistrar"
157-->[com.google.mlkit:common:17.2.0] AndroidManifest.xml:21:17-120
158                android:value="com.google.firebase.components.ComponentRegistrar" />
158-->[com.google.mlkit:common:17.2.0] AndroidManifest.xml:22:17-82
159        </service>
160
161        <receiver
161-->[com.google.firebase:firebase-messaging:22.0.0] AndroidManifest.xml:28:9-35:20
162            android:name="com.google.firebase.iid.FirebaseInstanceIdReceiver"
162-->[com.google.firebase:firebase-messaging:22.0.0] AndroidManifest.xml:29:13-78
163            android:exported="true"
163-->[com.google.firebase:firebase-messaging:22.0.0] AndroidManifest.xml:30:13-36
164            android:permission="com.google.android.c2dm.permission.SEND" >
164-->[com.google.firebase:firebase-messaging:22.0.0] AndroidManifest.xml:31:13-73
165            <intent-filter>
165-->[com.google.firebase:firebase-messaging:22.0.0] AndroidManifest.xml:32:13-34:29
166                <action android:name="com.google.android.c2dm.intent.RECEIVE" />
166-->[com.google.firebase:firebase-messaging:22.0.0] AndroidManifest.xml:33:17-81
166-->[com.google.firebase:firebase-messaging:22.0.0] AndroidManifest.xml:33:25-78
167            </intent-filter>
168        </receiver>
169        <!--
170             FirebaseMessagingService performs security checks at runtime,
171             but set to not exported to explicitly avoid allowing another app to call it.
172        -->
173        <service
173-->[com.google.firebase:firebase-messaging:22.0.0] AndroidManifest.xml:41:9-48:19
174            android:name="com.google.firebase.messaging.FirebaseMessagingService"
174-->[com.google.firebase:firebase-messaging:22.0.0] AndroidManifest.xml:42:13-82
175            android:directBootAware="true"
175-->[com.google.firebase:firebase-messaging:22.0.0] AndroidManifest.xml:43:13-43
176            android:exported="false" >
176-->[com.google.firebase:firebase-messaging:22.0.0] AndroidManifest.xml:44:13-37
177            <intent-filter android:priority="-500" >
177-->src/main/AndroidManifest.xml:51:13-53:29
178                <action android:name="com.google.firebase.MESSAGING_EVENT" />
178-->src/main/AndroidManifest.xml:52:17-78
178-->src/main/AndroidManifest.xml:52:25-75
179            </intent-filter>
180        </service>
181
182        <receiver
182-->[com.google.android.gms:play-services-measurement:19.0.0] AndroidManifest.xml:29:9-33:20
183            android:name="com.google.android.gms.measurement.AppMeasurementReceiver"
183-->[com.google.android.gms:play-services-measurement:19.0.0] AndroidManifest.xml:30:13-85
184            android:enabled="true"
184-->[com.google.android.gms:play-services-measurement:19.0.0] AndroidManifest.xml:31:13-35
185            android:exported="false" >
185-->[com.google.android.gms:play-services-measurement:19.0.0] AndroidManifest.xml:32:13-37
186        </receiver>
187
188        <service
188-->[com.google.android.gms:play-services-measurement:19.0.0] AndroidManifest.xml:35:9-38:40
189            android:name="com.google.android.gms.measurement.AppMeasurementService"
189-->[com.google.android.gms:play-services-measurement:19.0.0] AndroidManifest.xml:36:13-84
190            android:enabled="true"
190-->[com.google.android.gms:play-services-measurement:19.0.0] AndroidManifest.xml:37:13-35
191            android:exported="false" />
191-->[com.google.android.gms:play-services-measurement:19.0.0] AndroidManifest.xml:38:13-37
192        <service
192-->[com.google.android.gms:play-services-measurement:19.0.0] AndroidManifest.xml:39:9-43:72
193            android:name="com.google.android.gms.measurement.AppMeasurementJobService"
193-->[com.google.android.gms:play-services-measurement:19.0.0] AndroidManifest.xml:40:13-87
194            android:enabled="true"
194-->[com.google.android.gms:play-services-measurement:19.0.0] AndroidManifest.xml:41:13-35
195            android:exported="false"
195-->[com.google.android.gms:play-services-measurement:19.0.0] AndroidManifest.xml:42:13-37
196            android:permission="android.permission.BIND_JOB_SERVICE" />
196-->[com.google.android.gms:play-services-measurement:19.0.0] AndroidManifest.xml:43:13-69
197
198        <activity
198-->[com.google.firebase:firebase-auth:21.0.1] AndroidManifest.xml:27:9-44:20
199            android:name="com.google.firebase.auth.internal.GenericIdpActivity"
199-->[com.google.firebase:firebase-auth:21.0.1] AndroidManifest.xml:28:13-80
200            android:excludeFromRecents="true"
200-->[com.google.firebase:firebase-auth:21.0.1] AndroidManifest.xml:29:13-46
201            android:exported="true"
201-->[com.google.firebase:firebase-auth:21.0.1] AndroidManifest.xml:30:13-36
202            android:launchMode="singleTask"
202-->[com.google.firebase:firebase-auth:21.0.1] AndroidManifest.xml:31:13-44
203            android:theme="@android:style/Theme.Translucent.NoTitleBar" >
203-->[com.google.firebase:firebase-auth:21.0.1] AndroidManifest.xml:32:13-72
204            <intent-filter>
204-->[com.google.firebase:firebase-auth:21.0.1] AndroidManifest.xml:33:13-43:29
205                <action android:name="android.intent.action.VIEW" />
205-->[com.google.firebase:firebase-inappmessaging-display:20.0.0] AndroidManifest.xml:16:13-65
205-->[com.google.firebase:firebase-inappmessaging-display:20.0.0] AndroidManifest.xml:16:21-62
206
207                <category android:name="android.intent.category.DEFAULT" />
207-->[com.google.firebase:firebase-auth:21.0.1] AndroidManifest.xml:36:17-76
207-->[com.google.firebase:firebase-auth:21.0.1] AndroidManifest.xml:36:27-73
208                <category android:name="android.intent.category.BROWSABLE" />
208-->[com.google.firebase:firebase-auth:21.0.1] AndroidManifest.xml:37:17-78
208-->[com.google.firebase:firebase-auth:21.0.1] AndroidManifest.xml:37:27-75
209
210                <data
210-->[com.google.firebase:firebase-inappmessaging-display:20.0.0] AndroidManifest.xml:18:13-44
211                    android:host="firebase.auth"
212                    android:path="/"
213                    android:scheme="genericidp" />
213-->[com.google.firebase:firebase-inappmessaging-display:20.0.0] AndroidManifest.xml:18:19-41
214            </intent-filter>
215        </activity>
216        <activity
216-->[com.google.firebase:firebase-auth:21.0.1] AndroidManifest.xml:45:9-62:20
217            android:name="com.google.firebase.auth.internal.RecaptchaActivity"
217-->[com.google.firebase:firebase-auth:21.0.1] AndroidManifest.xml:46:13-79
218            android:excludeFromRecents="true"
218-->[com.google.firebase:firebase-auth:21.0.1] AndroidManifest.xml:47:13-46
219            android:exported="true"
219-->[com.google.firebase:firebase-auth:21.0.1] AndroidManifest.xml:48:13-36
220            android:launchMode="singleTask"
220-->[com.google.firebase:firebase-auth:21.0.1] AndroidManifest.xml:49:13-44
221            android:theme="@android:style/Theme.Translucent.NoTitleBar" >
221-->[com.google.firebase:firebase-auth:21.0.1] AndroidManifest.xml:50:13-72
222            <intent-filter>
222-->[com.google.firebase:firebase-auth:21.0.1] AndroidManifest.xml:51:13-61:29
223                <action android:name="android.intent.action.VIEW" />
223-->[com.google.firebase:firebase-inappmessaging-display:20.0.0] AndroidManifest.xml:16:13-65
223-->[com.google.firebase:firebase-inappmessaging-display:20.0.0] AndroidManifest.xml:16:21-62
224
225                <category android:name="android.intent.category.DEFAULT" />
225-->[com.google.firebase:firebase-auth:21.0.1] AndroidManifest.xml:36:17-76
225-->[com.google.firebase:firebase-auth:21.0.1] AndroidManifest.xml:36:27-73
226                <category android:name="android.intent.category.BROWSABLE" />
226-->[com.google.firebase:firebase-auth:21.0.1] AndroidManifest.xml:37:17-78
226-->[com.google.firebase:firebase-auth:21.0.1] AndroidManifest.xml:37:27-75
227
228                <data
228-->[com.google.firebase:firebase-inappmessaging-display:20.0.0] AndroidManifest.xml:18:13-44
229                    android:host="firebase.auth"
230                    android:path="/"
231                    android:scheme="recaptcha" />
231-->[com.google.firebase:firebase-inappmessaging-display:20.0.0] AndroidManifest.xml:18:19-41
232            </intent-filter>
233        </activity>
234
235        <service
235-->[com.google.firebase:firebase-auth:21.0.1] AndroidManifest.xml:64:9-73:19
236            android:name="com.google.firebase.auth.api.fallback.service.FirebaseAuthFallbackService"
236-->[com.google.firebase:firebase-auth:21.0.1] AndroidManifest.xml:65:13-101
237            android:enabled="true"
237-->[com.google.firebase:firebase-auth:21.0.1] AndroidManifest.xml:66:13-35
238            android:exported="false" >
238-->[com.google.firebase:firebase-auth:21.0.1] AndroidManifest.xml:67:13-37
239            <intent-filter>
239-->[com.google.firebase:firebase-auth:21.0.1] AndroidManifest.xml:68:13-72:29
240                <action android:name="com.google.firebase.auth.api.gms.service.START" />
240-->[com.google.firebase:firebase-auth:21.0.1] AndroidManifest.xml:69:17-89
240-->[com.google.firebase:firebase-auth:21.0.1] AndroidManifest.xml:69:25-86
241
242                <category android:name="android.intent.category.DEFAULT" />
242-->[com.google.firebase:firebase-auth:21.0.1] AndroidManifest.xml:36:17-76
242-->[com.google.firebase:firebase-auth:21.0.1] AndroidManifest.xml:36:27-73
243            </intent-filter>
244        </service>
245
246        <provider
246-->[com.google.mlkit:common:17.2.0] AndroidManifest.xml:9:9-13:38
247            android:name="com.google.mlkit.common.internal.MlKitInitProvider"
247-->[com.google.mlkit:common:17.2.0] AndroidManifest.xml:10:13-78
248            android:authorities="kaist.software.mosecctv.mlkitinitprovider"
248-->[com.google.mlkit:common:17.2.0] AndroidManifest.xml:11:13-69
249            android:exported="false"
249-->[com.google.mlkit:common:17.2.0] AndroidManifest.xml:12:13-37
250            android:initOrder="99" />
250-->[com.google.mlkit:common:17.2.0] AndroidManifest.xml:13:13-35
251
252        <activity
252-->[com.google.android.gms:play-services-base:17.6.0] AndroidManifest.xml:23:9-26:75
253            android:name="com.google.android.gms.common.api.GoogleApiActivity"
253-->[com.google.android.gms:play-services-base:17.6.0] AndroidManifest.xml:24:13-79
254            android:exported="false"
254-->[com.google.android.gms:play-services-base:17.6.0] AndroidManifest.xml:25:13-37
255            android:theme="@android:style/Theme.Translucent.NoTitleBar" />
255-->[com.google.android.gms:play-services-base:17.6.0] AndroidManifest.xml:26:13-72
256
257        <provider
257-->[com.google.firebase:firebase-common:20.0.0] AndroidManifest.xml:26:9-31:39